as_android/app/build/outputs/logs/manifest-merger-debug-report.txt
-- Merging decision tree log ---
manifest
ADDED from src/main/AndroidManifest.xml:2:1-95:12
	package
		ADDED from src/main/AndroidManifest.xml:3:5-31
		INJECTED from src/main/AndroidManifest.xml
		INJECTED from src/main/AndroidManifest.xml
	android:versionName
		ADDED from src/main/AndroidManifest.xml:5:5-36
		INJECTED from src/main/AndroidManifest.xml
		INJECTED from src/main/AndroidManifest.xml
	android:versionCode
		ADDED from src/main/AndroidManifest.xml:4:5-28
		INJECTED from src/main/AndroidManifest.xml
		INJECTED from src/main/AndroidManifest.xml
	xmlns:android
		ADDED from src/main/AndroidManifest.xml:2:11-69
uses-sdk
ADDED from src/main/AndroidManifest.xml:7:5-9:41
	android:targetSdkVersion
		ADDED from src/main/AndroidManifest.xml:9:9-38
		INJECTED from src/main/AndroidManifest.xml
		INJECTED from src/main/AndroidManifest.xml
	android:minSdkVersion
		ADDED from src/main/AndroidManifest.xml:8:9-35
		INJECTED from src/main/AndroidManifest.xml
		INJECTED from src/main/AndroidManifest.xml
uses-permission#android.permission.WRITE_EXTERNAL_STORAGE
ADDED from src/main/AndroidManifest.xml:11:5-81
	android:name
		ADDED from src/main/AndroidManifest.xml:11:22-78
uses-permission#android.permission.BLUETOOTH
ADDED from src/main/AndroidManifest.xml:12:5-68
	android:name
		ADDED from src/main/AndroidManifest.xml:12:22-65
uses-permission#android.permission.BLUETOOTH_ADMIN
ADDED from src/main/AndroidManifest.xml:13:5-74
	android:name
		ADDED from src/main/AndroidManifest.xml:13:22-71
uses-permission#android.permission.INTERNET
ADDED from src/main/AndroidManifest.xml:14:5-67
	android:name
		ADDED from src/main/AndroidManifest.xml:14:22-64
uses-permission#android.permission.ACCESS_NETWORK_STATE
ADDED from src/main/AndroidManifest.xml:15:5-79
	android:name
		ADDED from src/main/AndroidManifest.xml:15:22-76
uses-permission#android.permission.ACCESS_WIFI_STATE
ADDED from src/main/AndroidManifest.xml:16:5-76
	android:name
		ADDED from src/main/AndroidManifest.xml:16:22-73
uses-permission#android.permission.CHANGE_WIFI_STATE
ADDED from src/main/AndroidManifest.xml:17:5-76
	android:name
		ADDED from src/main/AndroidManifest.xml:17:22-73
uses-permission#android.permission.ACCESS_COARSE_LOCATION
ADDED from src/main/AndroidManifest.xml:18:5-81
	android:name
		ADDED from src/main/AndroidManifest.xml:18:22-78
application
ADDED from src/main/AndroidManifest.xml:20:5-93:19
	android:label
		ADDED from src/main/AndroidManifest.xml:23:9-41
	android:allowBackup
		ADDED from src/main/AndroidManifest.xml:21:9-35
	android:icon
		ADDED from src/main/AndroidManifest.xml:22:9-42
	android:theme
		ADDED from src/main/AndroidManifest.xml:24:9-40
activity#com.zorba.bt.app.AwsIotActivity
ADDED from src/main/AndroidManifest.xml:25:9-26:20
	android:name
		ADDED from src/main/AndroidManifest.xml:25:19-49
activity#com.zorba.bt.app.RoomsActivity
ADDED from src/main/AndroidManifest.xml:27:9-35:20
	android:label
		ADDED from src/main/AndroidManifest.xml:29:13-45
	android:name
		ADDED from src/main/AndroidManifest.xml:28:13-42
intent-filter#android.intent.action.MAIN+android.intent.category.LAUNCHER
ADDED from src/main/AndroidManifest.xml:30:14-34:29
action#android.intent.action.MAIN
ADDED from src/main/AndroidManifest.xml:31:17-69
	android:name
		ADDED from src/main/AndroidManifest.xml:31:25-66
category#android.intent.category.LAUNCHER
ADDED from src/main/AndroidManifest.xml:33:17-77
	android:name
		ADDED from src/main/AndroidManifest.xml:33:27-74
activity#com.zorba.bt.app.DiscoveryActivity
ADDED from src/main/AndroidManifest.xml:36:9-39:20
	android:label
		ADDED from src/main/AndroidManifest.xml:38:13-52
	android:name
		ADDED from src/main/AndroidManifest.xml:37:13-46
activity#com.zorba.bt.app.SettingsActivity
ADDED from src/main/AndroidManifest.xml:40:9-43:20
	android:label
		ADDED from src/main/AndroidManifest.xml:42:13-52
	android:name
		ADDED from src/main/AndroidManifest.xml:41:13-45
activity#com.zorba.bt.app.HelpActivity
ADDED from src/main/AndroidManifest.xml:44:9-47:20
	android:label
		ADDED from src/main/AndroidManifest.xml:46:13-47
	android:name
		ADDED from src/main/AndroidManifest.xml:45:13-41
activity#com.zorba.bt.app.InverterActivity
ADDED from src/main/AndroidManifest.xml:48:9-51:20
	android:label
		ADDED from src/main/AndroidManifest.xml:50:13-51
	android:name
		ADDED from src/main/AndroidManifest.xml:49:13-45
activity#com.zorba.bt.app.ChangepwdActivity
ADDED from src/main/AndroidManifest.xml:52:9-55:20
	android:label
		ADDED from src/main/AndroidManifest.xml:54:13-52
	android:name
		ADDED from src/main/AndroidManifest.xml:53:13-46
activity#com.zorba.bt.app.SendLogActivity
ADDED from src/main/AndroidManifest.xml:56:9-59:20
	android:label
		ADDED from src/main/AndroidManifest.xml:58:13-50
	android:name
		ADDED from src/main/AndroidManifest.xml:57:13-44
activity#com.zorba.bt.app.AppInfoActivity
ADDED from src/main/AndroidManifest.xml:60:9-63:20
	android:label
		ADDED from src/main/AndroidManifest.xml:62:13-50
	android:name
		ADDED from src/main/AndroidManifest.xml:61:13-44
activity#com.zorba.bt.app.AddDeviceActivity
ADDED from src/main/AndroidManifest.xml:64:9-67:20
	android:label
		ADDED from src/main/AndroidManifest.xml:66:13-50
	android:name
		ADDED from src/main/AndroidManifest.xml:65:13-46
activity#com.zorba.bt.app.AddGroupActivity
ADDED from src/main/AndroidManifest.xml:68:9-71:20
	android:label
		ADDED from src/main/AndroidManifest.xml:70:13-50
	android:name
		ADDED from src/main/AndroidManifest.xml:69:13-45
activity#com.zorba.bt.app.AddSchedulerActivity
ADDED from src/main/AndroidManifest.xml:72:9-75:20
	android:label
		ADDED from src/main/AndroidManifest.xml:74:13-50
	android:name
		ADDED from src/main/AndroidManifest.xml:73:13-49
activity#com.zorba.bt.app.WelcomeActivity
ADDED from src/main/AndroidManifest.xml:84:9-88:20
	android:label
		ADDED from src/main/AndroidManifest.xml:86:13-59
	android:name
		ADDED from src/main/AndroidManifest.xml:85:13-44
activity#com.zorba.bt.app.TimeSettingsActivity
ADDED from src/main/AndroidManifest.xml:89:9-92:20
	android:label
		ADDED from src/main/AndroidManifest.xml:91:13-65
	android:name
		ADDED from src/main/AndroidManifest.xml:90:13-49